<?xml version="1.0" encoding="UTF-8"?>
<!-- Generated by org.testng.reporters.JUnitXMLReporter -->
<testsuite hostname="Nallans-NewPC" ignored="0" name="MyWishlistPageTest" tests="5" failures="1" timestamp="08 Mar 2018 23:31:19 GMT" time="129.834" errors="0">
  <testcase name="verifyPageTitleTest" time="0.012" classname="com.guru99.qa.TestCases.MyWishlistPageTest"/>
  <testcase name="ClickOnShareWishListTest" time="20.077" classname="com.guru99.qa.TestCases.MyWishlistPageTest">
    <skipped/>
  </testcase> <!-- ClickOnShareWishListTest -->
  <testcase name="ClickOnShareWishListTest" time="20.089" classname="com.guru99.qa.TestCases.MyWishlistPageTest">
    <skipped/>
  </testcase> <!-- ClickOnShareWishListTest -->
  <testcase name="ClickOnShareWishListTest" time="20.083" classname="com.guru99.qa.TestCases.MyWishlistPageTest">
    <skipped/>
  </testcase> <!-- ClickOnShareWishListTest -->
  <testcase name="ClickOnShareWishListTest" time="20.086" classname="com.guru99.qa.TestCases.MyWishlistPageTest">
    <failure type="org.openqa.selenium.NoSuchElementException" message="Unable to locate element: /html/body/div/div/div[2]/div/div[2]/div/div[1]/form[1]/div/div/button[1]
For documentation on this error, please visit: http://seleniumhq.org/exceptions/no_such_element.html
Build info: version: &amp;apos;3.7.1&amp;apos;, revision: &amp;apos;8a0099a&amp;apos;, time: &amp;apos;2017-11-06T21:01:39.354Z&amp;apos;
System info: host: &amp;apos;NALLANS-NEWPC&amp;apos;, ip: &amp;apos;192.168.186.1&amp;apos;, os.name: &amp;apos;Windows 10&amp;apos;, os.arch: &amp;apos;amd64&amp;apos;, os.version: &amp;apos;10.0&amp;apos;, java.version: &amp;apos;1.8.0_151&amp;apos;
Driver info: org.openqa.selenium.firefox.FirefoxDriver
Capabilities {acceptInsecureCerts: true, browserName: firefox, browserVersion: 56.0, javascriptEnabled: true, moz:accessibilityChecks: false, moz:headless: false, moz:processID: 27944, moz:profile: C:\Users\venka\AppData\Loca..., pageLoadStrategy: normal, platform: XP, platformName: XP, platformVersion: 10.0, rotatable: false, specificationLevel: 0, timeouts: {implicit: 0, pageLoad: 300000, script: 30000}}
Session ID: 10d9d2a7-2b94-4f68-b98f-b3cf2a5c10c6
*** Element info: {Using=xpath, value=/html/body/div/div/div[2]/div/div[2]/div/div[1]/form[1]/div/div/button[1]}">
      <![CDATA[org.openqa.selenium.NoSuchElementException: Unable to locate element: /html/body/div/div/div[2]/div/div[2]/div/div[1]/form[1]/div/div/button[1]
For documentation on this error, please visit: http://seleniumhq.org/exceptions/no_such_element.html
Build info: version: '3.7.1', revision: '8a0099a', time: '2017-11-06T21:01:39.354Z'
System info: host: 'NALLANS-NEWPC', ip: '192.168.186.1', os.name: 'Windows 10', os.arch: 'amd64', os.version: '10.0', java.version: '1.8.0_151'
Driver info: org.openqa.selenium.firefox.FirefoxDriver
Capabilities {acceptInsecureCerts: true, browserName: firefox, browserVersion: 56.0, javascriptEnabled: true, moz:accessibilityChecks: false, moz:headless: false, moz:processID: 27944, moz:profile: C:\Users\venka\AppData\Loca..., pageLoadStrategy: normal, platform: XP, platformName: XP, platformVersion: 10.0, rotatable: false, specificationLevel: 0, timeouts: {implicit: 0, pageLoad: 300000, script: 30000}}
Session ID: 10d9d2a7-2b94-4f68-b98f-b3cf2a5c10c6
*** Element info: {Using=xpath, value=/html/body/div/div/div[2]/div/div[2]/div/div[1]/form[1]/div/div/button[1]}
	at org.openqa.selenium.remote.http.W3CHttpResponseCodec.createException(W3CHttpResponseCodec.java:187)
	at org.openqa.selenium.remote.http.W3CHttpResponseCodec.decode(W3CHttpResponseCodec.java:122)
	at org.openqa.selenium.remote.http.W3CHttpResponseCodec.decode(W3CHttpResponseCodec.java:49)
	at org.openqa.selenium.remote.HttpCommandExecutor.execute(HttpCommandExecutor.java:164)
	at org.openqa.selenium.remote.service.DriverCommandExecutor.execute(DriverCommandExecutor.java:83)
	at org.openqa.selenium.remote.RemoteWebDriver.execute(RemoteWebDriver.java:600)
	at org.openqa.selenium.remote.RemoteWebDriver.findElement(RemoteWebDriver.java:370)
	at org.openqa.selenium.remote.RemoteWebDriver.findElementByXPath(RemoteWebDriver.java:472)
	at org.openqa.selenium.By$ByXPath.findElement(By.java:361)
	at org.openqa.selenium.remote.RemoteWebDriver.findElement(RemoteWebDriver.java:362)
	at org.openqa.selenium.support.events.EventFiringWebDriver$2.invoke(EventFiringWebDriver.java:109)
	at com.sun.proxy.$Proxy10.findElement(Unknown Source)
	at org.openqa.selenium.support.events.EventFiringWebDriver.findElement(EventFiringWebDriver.java:193)
	at org.openqa.selenium.support.pagefactory.DefaultElementLocator.findElement(DefaultElementLocator.java:69)
	at org.openqa.selenium.support.pagefactory.internal.LocatingElementHandler.invoke(LocatingElementHandler.java:38)
	at com.sun.proxy.$Proxy14.click(Unknown Source)
	at com.guru99.qa.WebPages.MyWishlistPage.ClickOnShareWishList(MyWishlistPage.java:41)
	at com.guru99.qa.TestCases.MyWishlistPageTest.ClickOnShareWishListTest(MyWishlistPageTest.java:61)
... Removed 32 stack frames]]>
    </failure>
  </testcase> <!-- ClickOnShareWishListTest -->
</testsuite> <!-- MyWishlistPageTest -->
