<!DOCTYPE html PUBLIC "-//W3C//DTD XHTML 1.1//EN" "http://www.w3.org/TR/xhtml11/DTD/xhtml11.dtd">
<html xmlns="http://www.w3.org/1999/xhtml"><head><title>TestNG Report</title><style type="text/css">table {margin-bottom:10px;border-collapse:collapse;empty-cells:show}th,td {border:1px solid #009;padding:.25em .5em}th {vertical-align:bottom}td {vertical-align:top}table a {font-weight:bold}.stripe td {background-color: #E6EBF9}.num {text-align:right}.passedodd td {background-color: #3F3}.passedeven td {background-color: #0A0}.skippedodd td {background-color: #DDD}.skippedeven td {background-color: #CCC}.failedodd td,.attn {background-color: #F33}.failedeven td,.stripe .attn {background-color: #D00}.stacktrace {white-space:pre;font-family:monospace}.totop {font-size:85%;text-align:center;border-bottom:2px solid #000}</style></head><body><table><tr><th>Test</th><th># Passed</th><th># Skipped</th><th># Failed</th><th>Time (ms)</th><th>Included Groups</th><th>Excluded Groups</th></tr><tr><th colspan="7">Guru99 Bank Application Test Automation Test Suite</th></tr><tr><td><a href="#t0">CheckOutPageTest</a></td><td class="num">1</td><td class="num">0</td><td class="num">0</td><td class="num">18,173</td><td></td><td></td></tr><tr class="stripe"><td><a href="#t1">CreateNewCustomerAcctTest</a></td><td class="num">1</td><td class="num">0</td><td class="num">0</td><td class="num">9,114</td><td></td><td></td></tr><tr><td><a href="#t2">CustomerLoginTest</a></td><td class="num">2</td><td class="num">0</td><td class="num">0</td><td class="num">17,715</td><td></td><td></td></tr><tr class="stripe"><td><a href="#t3">HomePageTest</a></td><td class="num">3</td><td class="num">0</td><td class="num">0</td><td class="num">19,796</td><td></td><td></td></tr><tr><td><a href="#t4">MobilePageTest</a></td><td class="num">6</td><td class="num">0</td><td class="num">0</td><td class="num">47,891</td><td></td><td></td></tr><tr class="stripe"><td><a href="#t5">MyAcctTest</a></td><td class="num">0</td><td class="num attn">1</td><td class="num">0</td><td class="num">30,743</td><td></td><td></td></tr><tr><td><a href="#t6">MyOrderPageTest</a></td><td class="num">2</td><td class="num">0</td><td class="num">0</td><td class="num">19,807</td><td></td><td></td></tr><tr class="stripe"><td><a href="#t7">MyWishlistPageTest</a></td><td class="num">1</td><td class="num attn">3</td><td class="num attn">1</td><td class="num">129,834</td><td></td><td></td></tr><tr><td><a href="#t8">OrderNumberPageTest</a></td><td class="num">1</td><td class="num">0</td><td class="num">0</td><td class="num">10,136</td><td></td><td></td></tr><tr class="stripe"><td><a href="#t9">ShoppingCartTest</a></td><td class="num">4</td><td class="num">0</td><td class="num">0</td><td class="num">45,640</td><td></td><td></td></tr><tr><td><a href="#t10">SonyCheckOutTest</a></td><td class="num">3</td><td class="num">0</td><td class="num">0</td><td class="num">29,335</td><td></td><td></td></tr><tr class="stripe"><td><a href="#t11">SonyDetailedPageTest</a></td><td class="num">3</td><td class="num">0</td><td class="num">0</td><td class="num">26,646</td><td></td><td></td></tr><tr><td><a href="#t12">TvPageTest</a></td><td class="num">2</td><td class="num">0</td><td class="num">0</td><td class="num">16,377</td><td></td><td></td></tr><tr class="stripe"><td><a href="#t13">WishlistSharingPageTest</a></td><td class="num">0</td><td class="num attn">2</td><td class="num">0</td><td class="num">29,420</td><td></td><td></td></tr><tr><td><a href="#t14">ChangeOrReorderTest</a></td><td class="num">1</td><td class="num">0</td><td class="num">0</td><td class="num">14,471</td><td></td><td></td></tr><tr><th>Total</th><th class="num">30</th><th class="num attn">6</th><th class="num attn">1</th><th class="num">465,098</th><th colspan="2"></th></tr></table><table id='summary'><thead><tr><th>Class</th><th>Method</th><th>Start</th><th>Time (ms)</th></tr></thead><tbody><tr><th colspan="4">Guru99 Bank Application Test Automation Test Suite</th></tr></tbody><tbody id="t0"><tr><th colspan="4">CheckOutPageTest &#8212; passed</th></tr><tr class="passedeven"><td rowspan="1">com.guru99.qa.TestCases.CheckOutPageTest</td><td><a href="#m0">EnterValuesTest</a></td><td rowspan="1">1520551601918</td><td rowspan="1">2382</td></tr></tbody><tbody id="t1"><tr><th colspan="4">CreateNewCustomerAcctTest &#8212; passed</th></tr><tr class="passedeven"><td rowspan="1">com.guru99.qa.TestCases.CreateNewCustomerAcctTest</td><td><a href="#m1">verifyCreateNewCustomerAcctTitleTest</a></td><td rowspan="1">1520551613475</td><td rowspan="1">12</td></tr></tbody><tbody id="t2"><tr><th colspan="4">CustomerLoginTest &#8212; passed</th></tr><tr class="passedeven"><td rowspan="2">com.guru99.qa.TestCases.CustomerLoginTest</td><td><a href="#m2">LoginTest</a></td><td rowspan="1">1520551629811</td><td rowspan="1">1382</td></tr><tr class="passedeven"><td><a href="#m3">verifyCustomerLoginHeaderTest</a></td><td rowspan="1">1520551621787</td><td rowspan="1">37</td></tr></tbody><tbody id="t3"><tr><th colspan="4">HomePageTest &#8212; passed</th></tr><tr class="passedeven"><td rowspan="3">com.guru99.qa.TestCases.HomePageTest</td><td><a href="#m4">ClickOnMobileTest</a></td><td rowspan="1">1520551643747</td><td rowspan="1">604</td></tr><tr class="passedeven"><td><a href="#m5">ClickOnTvLinkTest</a></td><td rowspan="1">1520551650525</td><td rowspan="1">500</td></tr><tr class="passedeven"><td><a href="#m6">verifySiteTitleTest</a></td><td rowspan="1">1520551637366</td><td rowspan="1">131</td></tr></tbody><tbody id="t4"><tr><th colspan="4">MobilePageTest &#8212; passed</th></tr><tr class="passedeven"><td rowspan="6">com.guru99.qa.TestCases.MobilePageTest</td><td><a href="#m7">ClickOnSonyAddToCartBtnTest</a></td><td rowspan="1">1520551688774</td><td rowspan="1">723</td></tr><tr class="passedeven"><td><a href="#m8">ClickOnSonyTest</a></td><td rowspan="1">1520551679525</td><td rowspan="1">1054</td></tr><tr class="passedeven"><td><a href="#m9">ComparePricesTest</a></td><td rowspan="1">1520551697298</td><td rowspan="1">1588</td></tr><tr class="passedeven"><td><a href="#m10">DropDowntest</a></td><td rowspan="1">1520551665170</td><td rowspan="1">566</td></tr><tr class="passedeven"><td><a href="#m11">verifyMobilePageTitleTest</a></td><td rowspan="1">1520551657246</td><td rowspan="1">133</td></tr><tr class="passedeven"><td><a href="#m12">verifySonyMobileCostTest</a></td><td rowspan="1">1520551672624</td><td rowspan="1">130</td></tr></tbody><tbody id="t5"><tr><th colspan="4">MyAcctTest &#8212; failed (configuration methods)</th></tr><tr class="failedeven"><td rowspan="1">com.guru99.qa.TestCases.MyAcctTest</td><td><a href="#m13">setUp</a></td><td rowspan="1">1520551699041</td><td rowspan="1">30743</td></tr><tr><th colspan="4">MyAcctTest &#8212; skipped</th></tr><tr class="skippedeven"><td rowspan="1">com.guru99.qa.TestCases.MyAcctTest</td><td><a href="#m14">verifyAllTest</a></td><td rowspan="1">1520551729784</td><td rowspan="1">0</td></tr></tbody><tbody id="t6"><tr><th colspan="4">MyOrderPageTest &#8212; passed</th></tr><tr class="passedeven"><td rowspan="2">com.guru99.qa.TestCases.MyOrderPageTest</td><td><a href="#m15">ClickOnViewOrderLinkTest</a></td><td rowspan="1">1520551749168</td><td rowspan="1">358</td></tr><tr class="passedeven"><td><a href="#m16">verifyPageTitleTest</a></td><td rowspan="1">1520551739358</td><td rowspan="1">7</td></tr></tbody><tbody id="t7"><tr><th colspan="4">MyWishlistPageTest &#8212; failed</th></tr><tr class="failedeven"><td rowspan="1">com.guru99.qa.TestCases.MyWishlistPageTest</td><td><a href="#m17">ClickOnShareWishListTest</a></td><td rowspan="1">1520551859167</td><td rowspan="1">20086</td></tr><tr><th colspan="4">MyWishlistPageTest &#8212; skipped</th></tr><tr class="skippedeven"><td rowspan="3">com.guru99.qa.TestCases.MyWishlistPageTest</td><td><a href="#m18">ClickOnShareWishListTest</a></td><td rowspan="3">1520551769794</td><td rowspan="3">20077</td></tr><tr class="skippedeven"><td><a href="#m19">ClickOnShareWishListTest</a></td></tr><tr class="skippedeven"><td><a href="#m20">ClickOnShareWishListTest</a></td></tr><tr><th colspan="4">MyWishlistPageTest &#8212; passed</th></tr><tr class="passedeven"><td rowspan="1">com.guru99.qa.TestCases.MyWishlistPageTest</td><td><a href="#m21">verifyPageTitleTest</a></td><td rowspan="1">1520551759173</td><td rowspan="1">12</td></tr></tbody><tbody id="t8"><tr><th colspan="4">OrderNumberPageTest &#8212; passed</th></tr><tr class="passedeven"><td rowspan="1">com.guru99.qa.TestCases.OrderNumberPageTest</td><td><a href="#m22">ClickOnPrintOrderTest</a></td><td rowspan="1">1520551889074</td><td rowspan="1">420</td></tr></tbody><tbody id="t9"><tr><th colspan="4">ShoppingCartTest &#8212; passed</th></tr><tr class="passedeven"><td rowspan="4">com.guru99.qa.TestCases.ShoppingCartTest</td><td><a href="#m23">ClickAndUpdateQtyFieldTest</a></td><td rowspan="1">1520551923525</td><td rowspan="1">663</td></tr><tr class="passedeven"><td><a href="#m24">ClickOnProceedToCheckOutTest</a></td><td rowspan="1">1520551912002</td><td rowspan="1">677</td></tr><tr class="passedeven"><td><a href="#m25">verifyPageTitleTest</a></td><td rowspan="1">1520551901167</td><td rowspan="1">5</td></tr><tr class="passedeven"><td><a href="#m26">verifyTotalPriceTest</a></td><td rowspan="1">1520551935100</td><td rowspan="1">38</td></tr></tbody><tbody id="t10"><tr><th colspan="4">SonyCheckOutTest &#8212; passed</th></tr><tr class="passedeven"><td rowspan="3">com.guru99.qa.TestCases.SonyCheckOutTest</td><td><a href="#m27">verifyEmptyCartMsgTest</a></td><td rowspan="1">1520551963970</td><td rowspan="1">503</td></tr><tr class="passedeven"><td><a href="#m28">verifyErrorMsgTest</a></td><td rowspan="1">1520551953645</td><td rowspan="1">1434</td></tr><tr class="passedeven"><td><a href="#m29">verifySonyCheckOutPageTitleTest</a></td><td rowspan="1">1520551944604</td><td rowspan="1">5</td></tr></tbody><tbody id="t11"><tr><th colspan="4">SonyDetailedPageTest &#8212; passed</th></tr><tr class="passedeven"><td rowspan="3">com.guru99.qa.TestCases.SonyDetailedPageTest</td><td><a href="#m30">CompareSonyCostTest</a></td><td rowspan="1">1520551990817</td><td rowspan="1">215</td></tr><tr class="passedeven"><td><a href="#m31">PageTitleTest</a></td><td rowspan="1">1520551973058</td><td rowspan="1">4</td></tr><tr class="passedeven"><td><a href="#m32">verifySonyCostTest</a></td><td rowspan="1">1520551981964</td><td rowspan="1">216</td></tr></tbody><tbody id="t12"><tr><th colspan="4">TvPageTest &#8212; passed</th></tr><tr class="passedeven"><td rowspan="2">com.guru99.qa.TestCases.TvPageTest</td><td><a href="#m33">ClickOnLgAddToWishListTest</a></td><td rowspan="1">1520552006929</td><td rowspan="1">579</td></tr><tr class="passedeven"><td><a href="#m34">verifyTvPageTitleTest</a></td><td rowspan="1">1520551998983</td><td rowspan="1">3</td></tr></tbody><tbody id="t13"><tr><th colspan="4">WishlistSharingPageTest &#8212; failed (configuration methods)</th></tr><tr class="failedeven"><td rowspan="1">com.guru99.qa.TestCases.WishlistSharingPageTest</td><td><a href="#m35">setUp</a></td><td rowspan="1">1520552007649</td><td rowspan="1">29420</td></tr><tr><th colspan="4">WishlistSharingPageTest &#8212; skipped (configuration methods)</th></tr><tr class="skippedeven"><td rowspan="1">com.guru99.qa.TestCases.WishlistSharingPageTest</td><td><a href="#m36">setUp</a></td><td rowspan="1">1520552037069</td><td rowspan="1">0</td></tr><tr><th colspan="4">WishlistSharingPageTest &#8212; skipped</th></tr><tr class="skippedeven"><td rowspan="2">com.guru99.qa.TestCases.WishlistSharingPageTest</td><td><a href="#m37">EnterValuesAndClickTest</a></td><td rowspan="1">1520552037069</td><td rowspan="1">0</td></tr><tr class="skippedeven"><td><a href="#m38">verifyPageTitleTest</a></td><td rowspan="1">1520552037069</td><td rowspan="1">0</td></tr></tbody><tbody id="t14"><tr><th colspan="4">ChangeOrReorderTest &#8212; passed</th></tr><tr class="passedeven"><td rowspan="1">com.guru99.qa.TestCases.ChangeOrReorderTest</td><td><a href="#m39">verifyTitle</a></td><td rowspan="1">1520552051437</td><td rowspan="1">2</td></tr></tbody></table><h2>CheckOutPageTest</h2><h3 id="m0">com.guru99.qa.TestCases.CheckOutPageTest#EnterValuesTest</h3><table class="result"><tr><th>Messages</th></tr><tr><td><div class="messages"><br><img src=C:\Selenium_Projects\Guru99ECommerceApplicationheight-'400' width-'400'/><br></div></td></tr></table><p class="totop"><a href="#summary">back to summary</a></p><h2>CreateNewCustomerAcctTest</h2><h3 id="m1">com.guru99.qa.TestCases.CreateNewCustomerAcctTest#verifyCreateNewCustomerAcctTitleTest</h3><table class="result"></table><p class="totop"><a href="#summary">back to summary</a></p><h2>CustomerLoginTest</h2><h3 id="m2">com.guru99.qa.TestCases.CustomerLoginTest#LoginTest</h3><table class="result"></table><p class="totop"><a href="#summary">back to summary</a></p><h3 id="m3">com.guru99.qa.TestCases.CustomerLoginTest#verifyCustomerLoginHeaderTest</h3><table class="result"></table><p class="totop"><a href="#summary">back to summary</a></p><h2>HomePageTest</h2><h3 id="m4">com.guru99.qa.TestCases.HomePageTest#ClickOnMobileTest</h3><table class="result"></table><p class="totop"><a href="#summary">back to summary</a></p><h3 id="m5">com.guru99.qa.TestCases.HomePageTest#ClickOnTvLinkTest</h3><table class="result"></table><p class="totop"><a href="#summary">back to summary</a></p><h3 id="m6">com.guru99.qa.TestCases.HomePageTest#verifySiteTitleTest</h3><table class="result"><tr><th>Messages</th></tr><tr><td><div class="messages"><br><img src=C:\Selenium_Projects\Guru99ECommerceApplicationheight-'400' width-'400'/><br></div></td></tr></table><p class="totop"><a href="#summary">back to summary</a></p><h2>MobilePageTest</h2><h3 id="m7">com.guru99.qa.TestCases.MobilePageTest#ClickOnSonyAddToCartBtnTest</h3><table class="result"></table><p class="totop"><a href="#summary">back to summary</a></p><h3 id="m8">com.guru99.qa.TestCases.MobilePageTest#ClickOnSonyTest</h3><table class="result"></table><p class="totop"><a href="#summary">back to summary</a></p><h3 id="m9">com.guru99.qa.TestCases.MobilePageTest#ComparePricesTest</h3><table class="result"><tr><th>Messages</th></tr><tr><td><div class="messages"><br><img src=C:\Selenium_Projects\Guru99ECommerceApplicationheight-'400' width-'400'/><br></div></td></tr></table><p class="totop"><a href="#summary">back to summary</a></p><h3 id="m10">com.guru99.qa.TestCases.MobilePageTest#DropDowntest</h3><table class="result"><tr><th>Messages</th></tr><tr><td><div class="messages"><br><img src=C:\Selenium_Projects\Guru99ECommerceApplicationheight-'400' width-'400'/><br></div></td></tr></table><p class="totop"><a href="#summary">back to summary</a></p><h3 id="m11">com.guru99.qa.TestCases.MobilePageTest#verifyMobilePageTitleTest</h3><table class="result"><tr><th>Messages</th></tr><tr><td><div class="messages"><br><img src=C:\Selenium_Projects\Guru99ECommerceApplicationheight-'400' width-'400'/><br></div></td></tr></table><p class="totop"><a href="#summary">back to summary</a></p><h3 id="m12">com.guru99.qa.TestCases.MobilePageTest#verifySonyMobileCostTest</h3><table class="result"><tr><th>Messages</th></tr><tr><td><div class="messages"><br><img src=C:\Selenium_Projects\Guru99ECommerceApplicationheight-'400' width-'400'/><br></div></td></tr></table><p class="totop"><a href="#summary">back to summary</a></p><h2>MyAcctTest</h2><h3 id="m13">com.guru99.qa.TestCases.MyAcctTest#setUp</h3><table class="result"><tr><th>Messages</th></tr><tr><td><div class="messages"><br><img src=C:\Selenium_Projects\Guru99ECommerceApplicationheight-'400' width-'400'/><br></div></td></tr><tr><th>Exception</th></tr><tr><td><div class="stacktrace">org.openqa.selenium.NoSuchElementException: Unable to locate element: /html/body/div/div/div[2]/div/div[2]/div/div/ul/li/ul/li/span
For documentation on this error, please visit: http://seleniumhq.org/exceptions/no_such_element.html
Build info: version: &apos;3.7.1&apos;, revision: &apos;8a0099a&apos;, time: &apos;2017-11-06T21:01:39.354Z&apos;
System info: host: &apos;NALLANS-NEWPC&apos;, ip: &apos;192.168.186.1&apos;, os.name: &apos;Windows 10&apos;, os.arch: &apos;amd64&apos;, os.version: &apos;10.0&apos;, java.version: &apos;1.8.0_151&apos;
Driver info: org.openqa.selenium.firefox.FirefoxDriver
Capabilities {acceptInsecureCerts: true, browserName: firefox, browserVersion: 56.0, javascriptEnabled: true, moz:accessibilityChecks: false, moz:headless: false, moz:processID: 16096, moz:profile: C:\Users\venka\AppData\Loca..., pageLoadStrategy: normal, platform: XP, platformName: XP, platformVersion: 10.0, rotatable: false, specificationLevel: 0, timeouts: {implicit: 0, pageLoad: 300000, script: 30000}}
Session ID: eac07e3c-5646-473b-aaf3-c753de2d0a0e
*** Element info: {Using=xpath, value=/html/body/div/div/div[2]/div/div[2]/div/div/ul/li/ul/li/span}
	at org.openqa.selenium.remote.http.W3CHttpResponseCodec.createException(W3CHttpResponseCodec.java:187)
	at org.openqa.selenium.remote.http.W3CHttpResponseCodec.decode(W3CHttpResponseCodec.java:122)
	at org.openqa.selenium.remote.http.W3CHttpResponseCodec.decode(W3CHttpResponseCodec.java:49)
	at org.openqa.selenium.remote.HttpCommandExecutor.execute(HttpCommandExecutor.java:164)
	at org.openqa.selenium.remote.service.DriverCommandExecutor.execute(DriverCommandExecutor.java:83)
	at org.openqa.selenium.remote.RemoteWebDriver.execute(RemoteWebDriver.java:600)
	at org.openqa.selenium.remote.RemoteWebDriver.findElement(RemoteWebDriver.java:370)
	at org.openqa.selenium.remote.RemoteWebDriver.findElementByXPath(RemoteWebDriver.java:472)
	at org.openqa.selenium.By$ByXPath.findElement(By.java:361)
	at org.openqa.selenium.remote.RemoteWebDriver.findElement(RemoteWebDriver.java:362)
	at org.openqa.selenium.support.events.EventFiringWebDriver$2.invoke(EventFiringWebDriver.java:109)
	at com.sun.proxy.$Proxy10.findElement(Unknown Source)
	at org.openqa.selenium.support.events.EventFiringWebDriver.findElement(EventFiringWebDriver.java:193)
	at org.openqa.selenium.support.pagefactory.DefaultElementLocator.findElement(DefaultElementLocator.java:69)
	at org.openqa.selenium.support.pagefactory.internal.LocatingElementHandler.invoke(LocatingElementHandler.java:38)
	at com.sun.proxy.$Proxy14.getText(Unknown Source)
	at com.guru99.qa.WebPages.CreateNewCustomerAcctPage.ValidRegistration(CreateNewCustomerAcctPage.java:54)
	at com.guru99.qa.TestCases.MyAcctTest.setUp(MyAcctTest.java:45)
... Removed 34 stack frames</div></td></tr></table><p class="totop"><a href="#summary">back to summary</a></p><h3 id="m14">com.guru99.qa.TestCases.MyAcctTest#verifyAllTest</h3><table class="result"><tr><th>Exception</th></tr><tr><td><div class="stacktrace">org.openqa.selenium.NoSuchElementException: Unable to locate element: /html/body/div/div/div[2]/div/div[2]/div/div/ul/li/ul/li/span
For documentation on this error, please visit: http://seleniumhq.org/exceptions/no_such_element.html
Build info: version: &apos;3.7.1&apos;, revision: &apos;8a0099a&apos;, time: &apos;2017-11-06T21:01:39.354Z&apos;
System info: host: &apos;NALLANS-NEWPC&apos;, ip: &apos;192.168.186.1&apos;, os.name: &apos;Windows 10&apos;, os.arch: &apos;amd64&apos;, os.version: &apos;10.0&apos;, java.version: &apos;1.8.0_151&apos;
Driver info: org.openqa.selenium.firefox.FirefoxDriver
Capabilities {acceptInsecureCerts: true, browserName: firefox, browserVersion: 56.0, javascriptEnabled: true, moz:accessibilityChecks: false, moz:headless: false, moz:processID: 16096, moz:profile: C:\Users\venka\AppData\Loca..., pageLoadStrategy: normal, platform: XP, platformName: XP, platformVersion: 10.0, rotatable: false, specificationLevel: 0, timeouts: {implicit: 0, pageLoad: 300000, script: 30000}}
Session ID: eac07e3c-5646-473b-aaf3-c753de2d0a0e
*** Element info: {Using=xpath, value=/html/body/div/div/div[2]/div/div[2]/div/div/ul/li/ul/li/span}
	at org.openqa.selenium.remote.http.W3CHttpResponseCodec.createException(W3CHttpResponseCodec.java:187)
	at org.openqa.selenium.remote.http.W3CHttpResponseCodec.decode(W3CHttpResponseCodec.java:122)
	at org.openqa.selenium.remote.http.W3CHttpResponseCodec.decode(W3CHttpResponseCodec.java:49)
	at org.openqa.selenium.remote.HttpCommandExecutor.execute(HttpCommandExecutor.java:164)
	at org.openqa.selenium.remote.service.DriverCommandExecutor.execute(DriverCommandExecutor.java:83)
	at org.openqa.selenium.remote.RemoteWebDriver.execute(RemoteWebDriver.java:600)
	at org.openqa.selenium.remote.RemoteWebDriver.findElement(RemoteWebDriver.java:370)
	at org.openqa.selenium.remote.RemoteWebDriver.findElementByXPath(RemoteWebDriver.java:472)
	at org.openqa.selenium.By$ByXPath.findElement(By.java:361)
	at org.openqa.selenium.remote.RemoteWebDriver.findElement(RemoteWebDriver.java:362)
	at org.openqa.selenium.support.events.EventFiringWebDriver$2.invoke(EventFiringWebDriver.java:109)
	at com.sun.proxy.$Proxy10.findElement(Unknown Source)
	at org.openqa.selenium.support.events.EventFiringWebDriver.findElement(EventFiringWebDriver.java:193)
	at org.openqa.selenium.support.pagefactory.DefaultElementLocator.findElement(DefaultElementLocator.java:69)
	at org.openqa.selenium.support.pagefactory.internal.LocatingElementHandler.invoke(LocatingElementHandler.java:38)
	at com.sun.proxy.$Proxy14.getText(Unknown Source)
	at com.guru99.qa.WebPages.CreateNewCustomerAcctPage.ValidRegistration(CreateNewCustomerAcctPage.java:54)
	at com.guru99.qa.TestCases.MyAcctTest.setUp(MyAcctTest.java:45)
... Removed 34 stack frames</div></td></tr></table><p class="totop"><a href="#summary">back to summary</a></p><h2>MyOrderPageTest</h2><h3 id="m15">com.guru99.qa.TestCases.MyOrderPageTest#ClickOnViewOrderLinkTest</h3><table class="result"></table><p class="totop"><a href="#summary">back to summary</a></p><h3 id="m16">com.guru99.qa.TestCases.MyOrderPageTest#verifyPageTitleTest</h3><table class="result"></table><p class="totop"><a href="#summary">back to summary</a></p><h2>MyWishlistPageTest</h2><h3 id="m17">com.guru99.qa.TestCases.MyWishlistPageTest#ClickOnShareWishListTest</h3><table class="result"><tr><th>Messages</th></tr><tr><td><div class="messages"><br><img src=C:\Selenium_Projects\Guru99ECommerceApplicationheight-'400' width-'400'/><br></div></td></tr><tr><th>Exception</th></tr><tr><td><div class="stacktrace">org.openqa.selenium.NoSuchElementException: Unable to locate element: /html/body/div/div/div[2]/div/div[2]/div/div[1]/form[1]/div/div/button[1]
For documentation on this error, please visit: http://seleniumhq.org/exceptions/no_such_element.html
Build info: version: &apos;3.7.1&apos;, revision: &apos;8a0099a&apos;, time: &apos;2017-11-06T21:01:39.354Z&apos;
System info: host: &apos;NALLANS-NEWPC&apos;, ip: &apos;192.168.186.1&apos;, os.name: &apos;Windows 10&apos;, os.arch: &apos;amd64&apos;, os.version: &apos;10.0&apos;, java.version: &apos;1.8.0_151&apos;
Driver info: org.openqa.selenium.firefox.FirefoxDriver
Capabilities {acceptInsecureCerts: true, browserName: firefox, browserVersion: 56.0, javascriptEnabled: true, moz:accessibilityChecks: false, moz:headless: false, moz:processID: 27944, moz:profile: C:\Users\venka\AppData\Loca..., pageLoadStrategy: normal, platform: XP, platformName: XP, platformVersion: 10.0, rotatable: false, specificationLevel: 0, timeouts: {implicit: 0, pageLoad: 300000, script: 30000}}
Session ID: 10d9d2a7-2b94-4f68-b98f-b3cf2a5c10c6
*** Element info: {Using=xpath, value=/html/body/div/div/div[2]/div/div[2]/div/div[1]/form[1]/div/div/button[1]}
	at org.openqa.selenium.remote.http.W3CHttpResponseCodec.createException(W3CHttpResponseCodec.java:187)
	at org.openqa.selenium.remote.http.W3CHttpResponseCodec.decode(W3CHttpResponseCodec.java:122)
	at org.openqa.selenium.remote.http.W3CHttpResponseCodec.decode(W3CHttpResponseCodec.java:49)
	at org.openqa.selenium.remote.HttpCommandExecutor.execute(HttpCommandExecutor.java:164)
	at org.openqa.selenium.remote.service.DriverCommandExecutor.execute(DriverCommandExecutor.java:83)
	at org.openqa.selenium.remote.RemoteWebDriver.execute(RemoteWebDriver.java:600)
	at org.openqa.selenium.remote.RemoteWebDriver.findElement(RemoteWebDriver.java:370)
	at org.openqa.selenium.remote.RemoteWebDriver.findElementByXPath(RemoteWebDriver.java:472)
	at org.openqa.selenium.By$ByXPath.findElement(By.java:361)
	at org.openqa.selenium.remote.RemoteWebDriver.findElement(RemoteWebDriver.java:362)
	at org.openqa.selenium.support.events.EventFiringWebDriver$2.invoke(EventFiringWebDriver.java:109)
	at com.sun.proxy.$Proxy10.findElement(Unknown Source)
	at org.openqa.selenium.support.events.EventFiringWebDriver.findElement(EventFiringWebDriver.java:193)
	at org.openqa.selenium.support.pagefactory.DefaultElementLocator.findElement(DefaultElementLocator.java:69)
	at org.openqa.selenium.support.pagefactory.internal.LocatingElementHandler.invoke(LocatingElementHandler.java:38)
	at com.sun.proxy.$Proxy14.click(Unknown Source)
	at com.guru99.qa.WebPages.MyWishlistPage.ClickOnShareWishList(MyWishlistPage.java:41)
	at com.guru99.qa.TestCases.MyWishlistPageTest.ClickOnShareWishListTest(MyWishlistPageTest.java:61)
... Removed 32 stack frames</div></td></tr></table><p class="totop"><a href="#summary">back to summary</a></p><h3 id="m18">com.guru99.qa.TestCases.MyWishlistPageTest#ClickOnShareWishListTest</h3><table class="result"><tr><th>Messages</th></tr><tr><td><div class="messages"><br><img src=C:\Selenium_Projects\Guru99ECommerceApplicationheight-'400' width-'400'/><br></div></td></tr><tr><th>Exception</th></tr><tr><td><div class="stacktrace">org.openqa.selenium.NoSuchElementException: Unable to locate element: /html/body/div/div/div[2]/div/div[2]/div/div[1]/form[1]/div/div/button[1]
For documentation on this error, please visit: http://seleniumhq.org/exceptions/no_such_element.html
Build info: version: &apos;3.7.1&apos;, revision: &apos;8a0099a&apos;, time: &apos;2017-11-06T21:01:39.354Z&apos;
System info: host: &apos;NALLANS-NEWPC&apos;, ip: &apos;192.168.186.1&apos;, os.name: &apos;Windows 10&apos;, os.arch: &apos;amd64&apos;, os.version: &apos;10.0&apos;, java.version: &apos;1.8.0_151&apos;
Driver info: org.openqa.selenium.firefox.FirefoxDriver
Capabilities {acceptInsecureCerts: true, browserName: firefox, browserVersion: 56.0, javascriptEnabled: true, moz:accessibilityChecks: false, moz:headless: false, moz:processID: 27008, moz:profile: C:\Users\venka\AppData\Loca..., pageLoadStrategy: normal, platform: XP, platformName: XP, platformVersion: 10.0, rotatable: false, specificationLevel: 0, timeouts: {implicit: 0, pageLoad: 300000, script: 30000}}
Session ID: f95ccac4-650d-49d2-b1b7-b120da51fdfe
*** Element info: {Using=xpath, value=/html/body/div/div/div[2]/div/div[2]/div/div[1]/form[1]/div/div/button[1]}
	at org.openqa.selenium.remote.http.W3CHttpResponseCodec.createException(W3CHttpResponseCodec.java:187)
	at org.openqa.selenium.remote.http.W3CHttpResponseCodec.decode(W3CHttpResponseCodec.java:122)
	at org.openqa.selenium.remote.http.W3CHttpResponseCodec.decode(W3CHttpResponseCodec.java:49)
	at org.openqa.selenium.remote.HttpCommandExecutor.execute(HttpCommandExecutor.java:164)
	at org.openqa.selenium.remote.service.DriverCommandExecutor.execute(DriverCommandExecutor.java:83)
	at org.openqa.selenium.remote.RemoteWebDriver.execute(RemoteWebDriver.java:600)
	at org.openqa.selenium.remote.RemoteWebDriver.findElement(RemoteWebDriver.java:370)
	at org.openqa.selenium.remote.RemoteWebDriver.findElementByXPath(RemoteWebDriver.java:472)
	at org.openqa.selenium.By$ByXPath.findElement(By.java:361)
	at org.openqa.selenium.remote.RemoteWebDriver.findElement(RemoteWebDriver.java:362)
	at org.openqa.selenium.support.events.EventFiringWebDriver$2.invoke(EventFiringWebDriver.java:109)
	at com.sun.proxy.$Proxy10.findElement(Unknown Source)
	at org.openqa.selenium.support.events.EventFiringWebDriver.findElement(EventFiringWebDriver.java:193)
	at org.openqa.selenium.support.pagefactory.DefaultElementLocator.findElement(DefaultElementLocator.java:69)
	at org.openqa.selenium.support.pagefactory.internal.LocatingElementHandler.invoke(LocatingElementHandler.java:38)
	at com.sun.proxy.$Proxy14.click(Unknown Source)
	at com.guru99.qa.WebPages.MyWishlistPage.ClickOnShareWishList(MyWishlistPage.java:41)
	at com.guru99.qa.TestCases.MyWishlistPageTest.ClickOnShareWishListTest(MyWishlistPageTest.java:61)
... Removed 32 stack frames</div></td></tr></table><p class="totop"><a href="#summary">back to summary</a></p><h3 id="m19">com.guru99.qa.TestCases.MyWishlistPageTest#ClickOnShareWishListTest</h3><table class="result"><tr><th>Messages</th></tr><tr><td><div class="messages"><br><img src=C:\Selenium_Projects\Guru99ECommerceApplicationheight-'400' width-'400'/><br></div></td></tr><tr><th>Exception</th></tr><tr><td><div class="stacktrace">org.openqa.selenium.NoSuchElementException: Unable to locate element: /html/body/div/div/div[2]/div/div[2]/div/div[1]/form[1]/div/div/button[1]
For documentation on this error, please visit: http://seleniumhq.org/exceptions/no_such_element.html
Build info: version: &apos;3.7.1&apos;, revision: &apos;8a0099a&apos;, time: &apos;2017-11-06T21:01:39.354Z&apos;
System info: host: &apos;NALLANS-NEWPC&apos;, ip: &apos;192.168.186.1&apos;, os.name: &apos;Windows 10&apos;, os.arch: &apos;amd64&apos;, os.version: &apos;10.0&apos;, java.version: &apos;1.8.0_151&apos;
Driver info: org.openqa.selenium.firefox.FirefoxDriver
Capabilities {acceptInsecureCerts: true, browserName: firefox, browserVersion: 56.0, javascriptEnabled: true, moz:accessibilityChecks: false, moz:headless: false, moz:processID: 23268, moz:profile: C:\Users\venka\AppData\Loca..., pageLoadStrategy: normal, platform: XP, platformName: XP, platformVersion: 10.0, rotatable: false, specificationLevel: 0, timeouts: {implicit: 0, pageLoad: 300000, script: 30000}}
Session ID: 0b25642e-8b66-4dd9-b936-9acc3fb30e22
*** Element info: {Using=xpath, value=/html/body/div/div/div[2]/div/div[2]/div/div[1]/form[1]/div/div/button[1]}
	at org.openqa.selenium.remote.http.W3CHttpResponseCodec.createException(W3CHttpResponseCodec.java:187)
	at org.openqa.selenium.remote.http.W3CHttpResponseCodec.decode(W3CHttpResponseCodec.java:122)
	at org.openqa.selenium.remote.http.W3CHttpResponseCodec.decode(W3CHttpResponseCodec.java:49)
	at org.openqa.selenium.remote.HttpCommandExecutor.execute(HttpCommandExecutor.java:164)
	at org.openqa.selenium.remote.service.DriverCommandExecutor.execute(DriverCommandExecutor.java:83)
	at org.openqa.selenium.remote.RemoteWebDriver.execute(RemoteWebDriver.java:600)
	at org.openqa.selenium.remote.RemoteWebDriver.findElement(RemoteWebDriver.java:370)
	at org.openqa.selenium.remote.RemoteWebDriver.findElementByXPath(RemoteWebDriver.java:472)
	at org.openqa.selenium.By$ByXPath.findElement(By.java:361)
	at org.openqa.selenium.remote.RemoteWebDriver.findElement(RemoteWebDriver.java:362)
	at org.openqa.selenium.support.events.EventFiringWebDriver$2.invoke(EventFiringWebDriver.java:109)
	at com.sun.proxy.$Proxy10.findElement(Unknown Source)
	at org.openqa.selenium.support.events.EventFiringWebDriver.findElement(EventFiringWebDriver.java:193)
	at org.openqa.selenium.support.pagefactory.DefaultElementLocator.findElement(DefaultElementLocator.java:69)
	at org.openqa.selenium.support.pagefactory.internal.LocatingElementHandler.invoke(LocatingElementHandler.java:38)
	at com.sun.proxy.$Proxy14.click(Unknown Source)
	at com.guru99.qa.WebPages.MyWishlistPage.ClickOnShareWishList(MyWishlistPage.java:41)
	at com.guru99.qa.TestCases.MyWishlistPageTest.ClickOnShareWishListTest(MyWishlistPageTest.java:61)
... Removed 32 stack frames</div></td></tr></table><p class="totop"><a href="#summary">back to summary</a></p><h3 id="m20">com.guru99.qa.TestCases.MyWishlistPageTest#ClickOnShareWishListTest</h3><table class="result"><tr><th>Messages</th></tr><tr><td><div class="messages"><br><img src=C:\Selenium_Projects\Guru99ECommerceApplicationheight-'400' width-'400'/><br></div></td></tr><tr><th>Exception</th></tr><tr><td><div class="stacktrace">org.openqa.selenium.NoSuchElementException: Unable to locate element: /html/body/div/div/div[2]/div/div[2]/div/div[1]/form[1]/div/div/button[1]
For documentation on this error, please visit: http://seleniumhq.org/exceptions/no_such_element.html
Build info: version: &apos;3.7.1&apos;, revision: &apos;8a0099a&apos;, time: &apos;2017-11-06T21:01:39.354Z&apos;
System info: host: &apos;NALLANS-NEWPC&apos;, ip: &apos;192.168.186.1&apos;, os.name: &apos;Windows 10&apos;, os.arch: &apos;amd64&apos;, os.version: &apos;10.0&apos;, java.version: &apos;1.8.0_151&apos;
Driver info: org.openqa.selenium.firefox.FirefoxDriver
Capabilities {acceptInsecureCerts: true, browserName: firefox, browserVersion: 56.0, javascriptEnabled: true, moz:accessibilityChecks: false, moz:headless: false, moz:processID: 27200, moz:profile: C:\Users\venka\AppData\Loca..., pageLoadStrategy: normal, platform: XP, platformName: XP, platformVersion: 10.0, rotatable: false, specificationLevel: 0, timeouts: {implicit: 0, pageLoad: 300000, script: 30000}}
Session ID: 73a2511d-fd1f-4542-8a48-5f4536566796
*** Element info: {Using=xpath, value=/html/body/div/div/div[2]/div/div[2]/div/div[1]/form[1]/div/div/button[1]}
	at org.openqa.selenium.remote.http.W3CHttpResponseCodec.createException(W3CHttpResponseCodec.java:187)
	at org.openqa.selenium.remote.http.W3CHttpResponseCodec.decode(W3CHttpResponseCodec.java:122)
	at org.openqa.selenium.remote.http.W3CHttpResponseCodec.decode(W3CHttpResponseCodec.java:49)
	at org.openqa.selenium.remote.HttpCommandExecutor.execute(HttpCommandExecutor.java:164)
	at org.openqa.selenium.remote.service.DriverCommandExecutor.execute(DriverCommandExecutor.java:83)
	at org.openqa.selenium.remote.RemoteWebDriver.execute(RemoteWebDriver.java:600)
	at org.openqa.selenium.remote.RemoteWebDriver.findElement(RemoteWebDriver.java:370)
	at org.openqa.selenium.remote.RemoteWebDriver.findElementByXPath(RemoteWebDriver.java:472)
	at org.openqa.selenium.By$ByXPath.findElement(By.java:361)
	at org.openqa.selenium.remote.RemoteWebDriver.findElement(RemoteWebDriver.java:362)
	at org.openqa.selenium.support.events.EventFiringWebDriver$2.invoke(EventFiringWebDriver.java:109)
	at com.sun.proxy.$Proxy10.findElement(Unknown Source)
	at org.openqa.selenium.support.events.EventFiringWebDriver.findElement(EventFiringWebDriver.java:193)
	at org.openqa.selenium.support.pagefactory.DefaultElementLocator.findElement(DefaultElementLocator.java:69)
	at org.openqa.selenium.support.pagefactory.internal.LocatingElementHandler.invoke(LocatingElementHandler.java:38)
	at com.sun.proxy.$Proxy14.click(Unknown Source)
	at com.guru99.qa.WebPages.MyWishlistPage.ClickOnShareWishList(MyWishlistPage.java:41)
	at com.guru99.qa.TestCases.MyWishlistPageTest.ClickOnShareWishListTest(MyWishlistPageTest.java:61)
... Removed 32 stack frames</div></td></tr></table><p class="totop"><a href="#summary">back to summary</a></p><h3 id="m21">com.guru99.qa.TestCases.MyWishlistPageTest#verifyPageTitleTest</h3><table class="result"></table><p class="totop"><a href="#summary">back to summary</a></p><h2>OrderNumberPageTest</h2><h3 id="m22">com.guru99.qa.TestCases.OrderNumberPageTest#ClickOnPrintOrderTest</h3><table class="result"><tr><th>Messages</th></tr><tr><td><div class="messages"><br><img src=C:\Selenium_Projects\Guru99ECommerceApplicationheight-'400' width-'400'/><br></div></td></tr></table><p class="totop"><a href="#summary">back to summary</a></p><h2>ShoppingCartTest</h2><h3 id="m23">com.guru99.qa.TestCases.ShoppingCartTest#ClickAndUpdateQtyFieldTest</h3><table class="result"></table><p class="totop"><a href="#summary">back to summary</a></p><h3 id="m24">com.guru99.qa.TestCases.ShoppingCartTest#ClickOnProceedToCheckOutTest</h3><table class="result"></table><p class="totop"><a href="#summary">back to summary</a></p><h3 id="m25">com.guru99.qa.TestCases.ShoppingCartTest#verifyPageTitleTest</h3><table class="result"></table><p class="totop"><a href="#summary">back to summary</a></p><h3 id="m26">com.guru99.qa.TestCases.ShoppingCartTest#verifyTotalPriceTest</h3><table class="result"></table><p class="totop"><a href="#summary">back to summary</a></p><h2>SonyCheckOutTest</h2><h3 id="m27">com.guru99.qa.TestCases.SonyCheckOutTest#verifyEmptyCartMsgTest</h3><table class="result"><tr><th>Messages</th></tr><tr><td><div class="messages"><br><img src=C:\Selenium_Projects\Guru99ECommerceApplicationheight-'400' width-'400'/><br></div></td></tr></table><p class="totop"><a href="#summary">back to summary</a></p><h3 id="m28">com.guru99.qa.TestCases.SonyCheckOutTest#verifyErrorMsgTest</h3><table class="result"><tr><th>Messages</th></tr><tr><td><div class="messages"><br><img src=C:\Selenium_Projects\Guru99ECommerceApplicationheight-'400' width-'400'/><br></div></td></tr></table><p class="totop"><a href="#summary">back to summary</a></p><h3 id="m29">com.guru99.qa.TestCases.SonyCheckOutTest#verifySonyCheckOutPageTitleTest</h3><table class="result"></table><p class="totop"><a href="#summary">back to summary</a></p><h2>SonyDetailedPageTest</h2><h3 id="m30">com.guru99.qa.TestCases.SonyDetailedPageTest#CompareSonyCostTest</h3><table class="result"><tr><th>Messages</th></tr><tr><td><div class="messages"><br><img src=C:\Selenium_Projects\Guru99ECommerceApplicationheight-'400' width-'400'/><br></div></td></tr></table><p class="totop"><a href="#summary">back to summary</a></p><h3 id="m31">com.guru99.qa.TestCases.SonyDetailedPageTest#PageTitleTest</h3><table class="result"></table><p class="totop"><a href="#summary">back to summary</a></p><h3 id="m32">com.guru99.qa.TestCases.SonyDetailedPageTest#verifySonyCostTest</h3><table class="result"><tr><th>Messages</th></tr><tr><td><div class="messages"><br><img src=C:\Selenium_Projects\Guru99ECommerceApplicationheight-'400' width-'400'/><br></div></td></tr></table><p class="totop"><a href="#summary">back to summary</a></p><h2>TvPageTest</h2><h3 id="m33">com.guru99.qa.TestCases.TvPageTest#ClickOnLgAddToWishListTest</h3><table class="result"></table><p class="totop"><a href="#summary">back to summary</a></p><h3 id="m34">com.guru99.qa.TestCases.TvPageTest#verifyTvPageTitleTest</h3><table class="result"></table><p class="totop"><a href="#summary">back to summary</a></p><h2>WishlistSharingPageTest</h2><h3 id="m35">com.guru99.qa.TestCases.WishlistSharingPageTest#setUp</h3><table class="result"><tr><th>Messages</th></tr><tr><td><div class="messages"><br><img src=C:\Selenium_Projects\Guru99ECommerceApplicationheight-'400' width-'400'/><br></div></td></tr><tr><th>Exception</th></tr><tr><td><div class="stacktrace">org.openqa.selenium.NoSuchElementException: Unable to locate element: /html/body/div/div/div[2]/div/div[2]/div/div[1]/form[1]/div/div/button[1]
For documentation on this error, please visit: http://seleniumhq.org/exceptions/no_such_element.html
Build info: version: &apos;3.7.1&apos;, revision: &apos;8a0099a&apos;, time: &apos;2017-11-06T21:01:39.354Z&apos;
System info: host: &apos;NALLANS-NEWPC&apos;, ip: &apos;192.168.186.1&apos;, os.name: &apos;Windows 10&apos;, os.arch: &apos;amd64&apos;, os.version: &apos;10.0&apos;, java.version: &apos;1.8.0_151&apos;
Driver info: org.openqa.selenium.firefox.FirefoxDriver
Capabilities {acceptInsecureCerts: true, browserName: firefox, browserVersion: 56.0, javascriptEnabled: true, moz:accessibilityChecks: false, moz:headless: false, moz:processID: 29016, moz:profile: C:\Users\venka\AppData\Loca..., pageLoadStrategy: normal, platform: XP, platformName: XP, platformVersion: 10.0, rotatable: false, specificationLevel: 0, timeouts: {implicit: 0, pageLoad: 300000, script: 30000}}
Session ID: 6273889a-47bd-41c3-a54f-90de7369db0e
*** Element info: {Using=xpath, value=/html/body/div/div/div[2]/div/div[2]/div/div[1]/form[1]/div/div/button[1]}
	at org.openqa.selenium.remote.http.W3CHttpResponseCodec.createException(W3CHttpResponseCodec.java:187)
	at org.openqa.selenium.remote.http.W3CHttpResponseCodec.decode(W3CHttpResponseCodec.java:122)
	at org.openqa.selenium.remote.http.W3CHttpResponseCodec.decode(W3CHttpResponseCodec.java:49)
	at org.openqa.selenium.remote.HttpCommandExecutor.execute(HttpCommandExecutor.java:164)
	at org.openqa.selenium.remote.service.DriverCommandExecutor.execute(DriverCommandExecutor.java:83)
	at org.openqa.selenium.remote.RemoteWebDriver.execute(RemoteWebDriver.java:600)
	at org.openqa.selenium.remote.RemoteWebDriver.findElement(RemoteWebDriver.java:370)
	at org.openqa.selenium.remote.RemoteWebDriver.findElementByXPath(RemoteWebDriver.java:472)
	at org.openqa.selenium.By$ByXPath.findElement(By.java:361)
	at org.openqa.selenium.remote.RemoteWebDriver.findElement(RemoteWebDriver.java:362)
	at org.openqa.selenium.support.events.EventFiringWebDriver$2.invoke(EventFiringWebDriver.java:109)
	at com.sun.proxy.$Proxy10.findElement(Unknown Source)
	at org.openqa.selenium.support.events.EventFiringWebDriver.findElement(EventFiringWebDriver.java:193)
	at org.openqa.selenium.support.pagefactory.DefaultElementLocator.findElement(DefaultElementLocator.java:69)
	at org.openqa.selenium.support.pagefactory.internal.LocatingElementHandler.invoke(LocatingElementHandler.java:38)
	at com.sun.proxy.$Proxy14.click(Unknown Source)
	at com.guru99.qa.WebPages.MyWishlistPage.ClickOnShareWishList(MyWishlistPage.java:41)
	at com.guru99.qa.TestCases.WishlistSharingPageTest.setUp(WishlistSharingPageTest.java:51)
... Removed 34 stack frames</div></td></tr></table><p class="totop"><a href="#summary">back to summary</a></p><h3 id="m36">com.guru99.qa.TestCases.WishlistSharingPageTest#setUp</h3><table class="result"></table><p class="totop"><a href="#summary">back to summary</a></p><h3 id="m37">com.guru99.qa.TestCases.WishlistSharingPageTest#EnterValuesAndClickTest</h3><table class="result"><tr><th>Exception</th></tr><tr><td><div class="stacktrace">org.openqa.selenium.NoSuchElementException: Unable to locate element: /html/body/div/div/div[2]/div/div[2]/div/div[1]/form[1]/div/div/button[1]
For documentation on this error, please visit: http://seleniumhq.org/exceptions/no_such_element.html
Build info: version: &apos;3.7.1&apos;, revision: &apos;8a0099a&apos;, time: &apos;2017-11-06T21:01:39.354Z&apos;
System info: host: &apos;NALLANS-NEWPC&apos;, ip: &apos;192.168.186.1&apos;, os.name: &apos;Windows 10&apos;, os.arch: &apos;amd64&apos;, os.version: &apos;10.0&apos;, java.version: &apos;1.8.0_151&apos;
Driver info: org.openqa.selenium.firefox.FirefoxDriver
Capabilities {acceptInsecureCerts: true, browserName: firefox, browserVersion: 56.0, javascriptEnabled: true, moz:accessibilityChecks: false, moz:headless: false, moz:processID: 29016, moz:profile: C:\Users\venka\AppData\Loca..., pageLoadStrategy: normal, platform: XP, platformName: XP, platformVersion: 10.0, rotatable: false, specificationLevel: 0, timeouts: {implicit: 0, pageLoad: 300000, script: 30000}}
Session ID: 6273889a-47bd-41c3-a54f-90de7369db0e
*** Element info: {Using=xpath, value=/html/body/div/div/div[2]/div/div[2]/div/div[1]/form[1]/div/div/button[1]}
	at org.openqa.selenium.remote.http.W3CHttpResponseCodec.createException(W3CHttpResponseCodec.java:187)
	at org.openqa.selenium.remote.http.W3CHttpResponseCodec.decode(W3CHttpResponseCodec.java:122)
	at org.openqa.selenium.remote.http.W3CHttpResponseCodec.decode(W3CHttpResponseCodec.java:49)
	at org.openqa.selenium.remote.HttpCommandExecutor.execute(HttpCommandExecutor.java:164)
	at org.openqa.selenium.remote.service.DriverCommandExecutor.execute(DriverCommandExecutor.java:83)
	at org.openqa.selenium.remote.RemoteWebDriver.execute(RemoteWebDriver.java:600)
	at org.openqa.selenium.remote.RemoteWebDriver.findElement(RemoteWebDriver.java:370)
	at org.openqa.selenium.remote.RemoteWebDriver.findElementByXPath(RemoteWebDriver.java:472)
	at org.openqa.selenium.By$ByXPath.findElement(By.java:361)
	at org.openqa.selenium.remote.RemoteWebDriver.findElement(RemoteWebDriver.java:362)
	at org.openqa.selenium.support.events.EventFiringWebDriver$2.invoke(EventFiringWebDriver.java:109)
	at com.sun.proxy.$Proxy10.findElement(Unknown Source)
	at org.openqa.selenium.support.events.EventFiringWebDriver.findElement(EventFiringWebDriver.java:193)
	at org.openqa.selenium.support.pagefactory.DefaultElementLocator.findElement(DefaultElementLocator.java:69)
	at org.openqa.selenium.support.pagefactory.internal.LocatingElementHandler.invoke(LocatingElementHandler.java:38)
	at com.sun.proxy.$Proxy14.click(Unknown Source)
	at com.guru99.qa.WebPages.MyWishlistPage.ClickOnShareWishList(MyWishlistPage.java:41)
	at com.guru99.qa.TestCases.WishlistSharingPageTest.setUp(WishlistSharingPageTest.java:51)
... Removed 34 stack frames</div></td></tr></table><p class="totop"><a href="#summary">back to summary</a></p><h3 id="m38">com.guru99.qa.TestCases.WishlistSharingPageTest#verifyPageTitleTest</h3><table class="result"><tr><th>Exception</th></tr><tr><td><div class="stacktrace">org.openqa.selenium.NoSuchElementException: Unable to locate element: /html/body/div/div/div[2]/div/div[2]/div/div[1]/form[1]/div/div/button[1]
For documentation on this error, please visit: http://seleniumhq.org/exceptions/no_such_element.html
Build info: version: &apos;3.7.1&apos;, revision: &apos;8a0099a&apos;, time: &apos;2017-11-06T21:01:39.354Z&apos;
System info: host: &apos;NALLANS-NEWPC&apos;, ip: &apos;192.168.186.1&apos;, os.name: &apos;Windows 10&apos;, os.arch: &apos;amd64&apos;, os.version: &apos;10.0&apos;, java.version: &apos;1.8.0_151&apos;
Driver info: org.openqa.selenium.firefox.FirefoxDriver
Capabilities {acceptInsecureCerts: true, browserName: firefox, browserVersion: 56.0, javascriptEnabled: true, moz:accessibilityChecks: false, moz:headless: false, moz:processID: 29016, moz:profile: C:\Users\venka\AppData\Loca..., pageLoadStrategy: normal, platform: XP, platformName: XP, platformVersion: 10.0, rotatable: false, specificationLevel: 0, timeouts: {implicit: 0, pageLoad: 300000, script: 30000}}
Session ID: 6273889a-47bd-41c3-a54f-90de7369db0e
*** Element info: {Using=xpath, value=/html/body/div/div/div[2]/div/div[2]/div/div[1]/form[1]/div/div/button[1]}
	at org.openqa.selenium.remote.http.W3CHttpResponseCodec.createException(W3CHttpResponseCodec.java:187)
	at org.openqa.selenium.remote.http.W3CHttpResponseCodec.decode(W3CHttpResponseCodec.java:122)
	at org.openqa.selenium.remote.http.W3CHttpResponseCodec.decode(W3CHttpResponseCodec.java:49)
	at org.openqa.selenium.remote.HttpCommandExecutor.execute(HttpCommandExecutor.java:164)
	at org.openqa.selenium.remote.service.DriverCommandExecutor.execute(DriverCommandExecutor.java:83)
	at org.openqa.selenium.remote.RemoteWebDriver.execute(RemoteWebDriver.java:600)
	at org.openqa.selenium.remote.RemoteWebDriver.findElement(RemoteWebDriver.java:370)
	at org.openqa.selenium.remote.RemoteWebDriver.findElementByXPath(RemoteWebDriver.java:472)
	at org.openqa.selenium.By$ByXPath.findElement(By.java:361)
	at org.openqa.selenium.remote.RemoteWebDriver.findElement(RemoteWebDriver.java:362)
	at org.openqa.selenium.support.events.EventFiringWebDriver$2.invoke(EventFiringWebDriver.java:109)
	at com.sun.proxy.$Proxy10.findElement(Unknown Source)
	at org.openqa.selenium.support.events.EventFiringWebDriver.findElement(EventFiringWebDriver.java:193)
	at org.openqa.selenium.support.pagefactory.DefaultElementLocator.findElement(DefaultElementLocator.java:69)
	at org.openqa.selenium.support.pagefactory.internal.LocatingElementHandler.invoke(LocatingElementHandler.java:38)
	at com.sun.proxy.$Proxy14.click(Unknown Source)
	at com.guru99.qa.WebPages.MyWishlistPage.ClickOnShareWishList(MyWishlistPage.java:41)
	at com.guru99.qa.TestCases.WishlistSharingPageTest.setUp(WishlistSharingPageTest.java:51)
... Removed 34 stack frames</div></td></tr></table><p class="totop"><a href="#summary">back to summary</a></p><h2>ChangeOrReorderTest</h2><h3 id="m39">com.guru99.qa.TestCases.ChangeOrReorderTest#verifyTitle</h3><table class="result"></table><p class="totop"><a href="#summary">back to summary</a></p></body></html>